[{"line":1,"elements":[{"start_timestamp":"2025-01-18T05:48:58.430Z","line":7,"name":"Visit all main categories","description":"","id":"category-navigation;visit-all-main-categories","type":"scenario","keyword":"Scenario","steps":[{"result":{"duration":19668952000,"status":"passed"},"line":8,"name":"user is on the PttAVM homepage","match":{"location":"stepdefinitions.PttAvmSteps.userIsOnHomepage()"},"keyword":"Given "},{"result":{"error_message":"org.openqa.selenium.TimeoutException: Expected condition failed: waiting for element to be clickable: Proxy element for: DefaultElementLocator 'By.cssSelector: a[href*='/moda']' (tried for 3 second(s) with 500 milliseconds interval)\n\tat org.openqa.selenium.support.ui.WebDriverWait.timeoutException(WebDriverWait.java:84)\n\tat org.openqa.selenium.support.ui.FluentWait.until(FluentWait.java:229)\n\tat pages.BasePage.clickElement(BasePage.java:59)\n\tat pages.HomePage.clickModa(HomePage.java:66)\n\tat stepdefinitions.PttAvmSteps.clickModa(PttAvmSteps.java:118)\n\tat stepdefinitions.PttAvmSteps.visitAllCategories(PttAvmSteps.java:174)\n\tat ✽.user visits all main categories(file:///Users/yusuf/Desktop/ptt%20avm1/src/test/resources/features/categories.feature:9)\nCaused by: org.openqa.selenium.NoSuchElementException: Unable to locate element: a[href*='/moda']\nFor documentation on this error, please visit: https://www.selenium.dev/documentation/webdriver/troubleshooting/errors#no-such-element-exception\nBuild info: version: '4.16.1', revision: '9b4c83354e'\nSystem info: os.name: 'Mac OS X', os.arch: 'x86_64', os.version: '10.15.7', java.version: '21.0.1'\nDriver info: org.openqa.selenium.firefox.FirefoxDriver\nCommand: [53891357-8a0d-4b82-9386-3f4041dc93cb, findElement {using=css selector, value=a[href*='/moda']}]\nCapabilities {acceptInsecureCerts: true, browserName: firefox, browserVersion: 134.0.1, moz:accessibilityChecks: false, moz:buildID: 20250113121357, moz:geckodriverVersion: 0.35.0, moz:headless: false, moz:platformVersion: 19.6.0, moz:processID: 47566, moz:profile: /var/folders/q7/fgckgx0j1h9..., moz:shutdownTimeout: 60000, moz:webdriverClick: true, moz:windowless: false, pageLoadStrategy: normal, platformName: mac, proxy: Proxy(), setWindowRect: true, strictFileInteractability: false, timeouts: {implicit: 0, pageLoad: 300000, script: 30000}, unhandledPromptBehavior: dismiss and notify, userAgent: Mozilla/5.0 (Macintosh; Int...}\nSession ID: 53891357-8a0d-4b82-9386-3f4041dc93cb\n\tat java.base/jdk.internal.reflect.DirectConstructorHandleAccessor.newInstance(DirectConstructorHandleAccessor.java:62)\n\tat java.base/java.lang.reflect.Constructor.newInstanceWithCaller(Constructor.java:502)\n\tat java.base/java.lang.reflect.Constructor.newInstance(Constructor.java:486)\n\tat org.openqa.selenium.remote.codec.w3c.W3CHttpResponseCodec.createException(W3CHttpResponseCodec.java:200)\n\tat org.openqa.selenium.remote.codec.w3c.W3CHttpResponseCodec.decode(W3CHttpResponseCodec.java:133)\n\tat org.openqa.selenium.remote.codec.w3c.W3CHttpResponseCodec.decode(W3CHttpResponseCodec.java:52)\n\tat org.openqa.selenium.remote.HttpCommandExecutor.execute(HttpCommandExecutor.java:191)\n\tat org.openqa.selenium.remote.service.DriverCommandExecutor.invokeExecute(DriverCommandExecutor.java:200)\n\tat org.openqa.selenium.remote.service.DriverCommandExecutor.execute(DriverCommandExecutor.java:175)\n\tat org.openqa.selenium.remote.RemoteWebDriver.execute(RemoteWebDriver.java:523)\n\tat org.openqa.selenium.remote.ElementLocation$ElementFinder$2.findElement(ElementLocation.java:165)\n\tat org.openqa.selenium.remote.ElementLocation.findElement(ElementLocation.java:59)\n\tat org.openqa.selenium.remote.RemoteWebDriver.findElement(RemoteWebDriver.java:360)\n\tat org.openqa.selenium.remote.RemoteWebDriver.findElement(RemoteWebDriver.java:354)\n\tat org.openqa.selenium.support.pagefactory.DefaultElementLocator.findElement(DefaultElementLocator.java:68)\n\tat org.openqa.selenium.support.pagefactory.internal.LocatingElementHandler.invoke(LocatingElementHandler.java:38)\n\tat jdk.proxy2/jdk.proxy2.$Proxy20.isDisplayed(Unknown Source)\n\tat org.openqa.selenium.support.ui.ExpectedConditions.elementIfVisible(ExpectedConditions.java:304)\n\tat org.openqa.selenium.support.ui.ExpectedConditions$10.apply(ExpectedConditions.java:290)\n\tat org.openqa.selenium.support.ui.ExpectedConditions$10.apply(ExpectedConditions.java:287)\n\tat org.openqa.selenium.support.ui.ExpectedConditions$23.apply(ExpectedConditions.java:656)\n\tat org.openqa.selenium.support.ui.ExpectedConditions$23.apply(ExpectedConditions.java:652)\n\tat org.openqa.selenium.support.ui.FluentWait.until(FluentWait.java:204)\n\tat pages.BasePage.clickElement(BasePage.java:59)\n\tat pages.HomePage.clickModa(HomePage.java:66)\n\tat stepdefinitions.PttAvmSteps.clickModa(PttAvmSteps.java:118)\n\tat stepdefinitions.PttAvmSteps.visitAllCategories(PttAvmSteps.java:174)\n\tat java.base/jdk.internal.reflect.DirectMethodHandleAccessor.invoke(DirectMethodHandleAccessor.java:103)\n\tat java.base/java.lang.reflect.Method.invoke(Method.java:580)\n\tat io.cucumber.java.Invoker.doInvoke(Invoker.java:66)\n\tat io.cucumber.java.Invoker.invoke(Invoker.java:24)\n\tat io.cucumber.java.AbstractGlueDefinition.invokeMethod(AbstractGlueDefinition.java:47)\n\tat io.cucumber.java.JavaStepDefinition.execute(JavaStepDefinition.java:29)\n\tat io.cucumber.core.runner.CoreStepDefinition.execute(CoreStepDefinition.java:66)\n\tat io.cucumber.core.runner.PickleStepDefinitionMatch.runStep(PickleStepDefinitionMatch.java:63)\n\tat io.cucumber.core.runner.ExecutionMode$1.execute(ExecutionMode.java:10)\n\tat io.cucumber.core.runner.TestStep.executeStep(TestStep.java:84)\n\tat io.cucumber.core.runner.TestStep.run(TestStep.java:56)\n\tat io.cucumber.core.runner.PickleStepTestStep.run(PickleStepTestStep.java:51)\n\tat io.cucumber.core.runner.TestCase.run(TestCase.java:84)\n\tat io.cucumber.core.runner.Runner.runPickle(Runner.java:75)\n\tat io.cucumber.junit.PickleRunners$NoStepDescriptions.lambda$run$0(PickleRunners.java:151)\n\tat io.cucumber.core.runtime.CucumberExecutionContext.lambda$runTestCase$5(CucumberExecutionContext.java:137)\n\tat io.cucumber.core.runtime.RethrowingThrowableCollector.executeAndThrow(RethrowingThrowableCollector.java:23)\n\tat io.cucumber.core.runtime.CucumberExecutionContext.runTestCase(CucumberExecutionContext.java:137)\n\tat io.cucumber.junit.PickleRunners$NoStepDescriptions.run(PickleRunners.java:148)\n\tat io.cucumber.junit.FeatureRunner.runChild(FeatureRunner.java:144)\n\tat io.cucumber.junit.FeatureRunner.runChild(FeatureRunner.java:28)\n\tat org.junit.runners.ParentRunner$4.run(ParentRunner.java:331)\n\tat org.junit.runners.ParentRunner$1.schedule(ParentRunner.java:79)\n\tat org.junit.runners.ParentRunner.runChildren(ParentRunner.java:329)\n\tat org.junit.runners.ParentRunner.access$100(ParentRunner.java:66)\n\tat org.junit.runners.ParentRunner$2.evaluate(ParentRunner.java:293)\n\tat org.junit.runners.ParentRunner$3.evaluate(ParentRunner.java:306)\n\tat org.junit.runners.ParentRunner.run(ParentRunner.java:413)\n\tat io.cucumber.junit.FeatureRunner.run(FeatureRunner.java:137)\n\tat io.cucumber.junit.Cucumber.runChild(Cucumber.java:196)\n\tat io.cucumber.junit.Cucumber.runChild(Cucumber.java:89)\n\tat org.junit.runners.ParentRunner$4.run(ParentRunner.java:331)\n\tat org.junit.runners.ParentRunner$1.schedule(ParentRunner.java:79)\n\tat org.junit.runners.ParentRunner.runChildren(ParentRunner.java:329)\n\tat org.junit.runners.ParentRunner.access$100(ParentRunner.java:66)\n\tat org.junit.runners.ParentRunner$2.evaluate(ParentRunner.java:293)\n\tat io.cucumber.core.runtime.CucumberExecutionContext.lambda$runFeatures$6(CucumberExecutionContext.java:148)\n\tat io.cucumber.core.runtime.CucumberExecutionContext.execute(CucumberExecutionContext.java:163)\n\tat io.cucumber.core.runtime.CucumberExecutionContext.runFeatures(CucumberExecutionContext.java:146)\n\tat io.cucumber.junit.Cucumber$StartAndFinishTestRun.evaluate(Cucumber.java:226)\n\tat org.junit.runners.ParentRunner$3.evaluate(ParentRunner.java:306)\n\tat org.junit.runners.ParentRunner.run(ParentRunner.java:413)\n\tat org.junit.runner.JUnitCore.run(JUnitCore.java:137)\n\tat com.intellij.junit4.JUnit4IdeaTestRunner.startRunnerWithArgs(JUnit4IdeaTestRunner.java:69)\n\tat com.intellij.rt.junit.IdeaTestRunner$Repeater$1.execute(IdeaTestRunner.java:38)\n\tat com.intellij.rt.execution.junit.TestsRepeater.repeat(TestsRepeater.java:11)\n\tat com.intellij.rt.junit.IdeaTestRunner$Repeater.startRunnerWithArgs(IdeaTestRunner.java:35)\n\tat com.intellij.rt.junit.JUnitStarter.prepareStreamsAndStart(JUnitStarter.java:235)\n\tat com.intellij.rt.junit.JUnitStarter.main(JUnitStarter.java:54)\n","duration":8105958000,"status":"failed"},"line":9,"name":"user visits all main categories","match":{"location":"stepdefinitions.PttAvmSteps.visitAllCategories()"},"keyword":"When "}],"tags":[{"name":"@visit-categories"}]}],"name":"Category Navigation","description":"  As a user\n  I want to browse different categories\n  So that I can explore products in each category","id":"category-navigation","keyword":"Feature","uri":"file:src/test/resources/features/categories.feature","tags":[]},{"line":1,"elements":[{"start_timestamp":"2025-01-18T05:49:26.344Z","line":7,"name":"Accept cookies on homepage","description":"","id":"cookie-management;accept-cookies-on-homepage","type":"scenario","keyword":"Scenario","steps":[{"result":{"duration":10271000,"status":"passed"},"line":8,"name":"accept cookies","match":{"location":"stepdefinitions.PttAvmSteps.acceptCookies()"},"keyword":"Given "}],"tags":[{"name":"@accept-cookies"}]}],"name":"Cookie Management","description":"  As a user\n  I want to accept cookies\n  So that I can browse the website","id":"cookie-management","keyword":"Feature","uri":"file:src/test/resources/features/cookies.feature","tags":[]},{"line":1,"elements":[{"start_timestamp":"2025-01-18T05:49:26.451Z","line":3,"name":"User navigates through PttAVM website","description":"","id":"pttavm-website-testing;user-navigates-through-pttavm-website","type":"scenario","keyword":"Scenario","steps":[{"result":{"duration":7938000,"status":"passed"},"line":4,"name":"user is on the PttAVM homepage","match":{"location":"stepdefinitions.PttAvmSteps.userIsOnHomepage()"},"keyword":"Given "},{"result":{"status":"undefined"},"line":5,"name":"user accepts cookies","match":{},"keyword":"When "},{"result":{"duration":311000,"status":"skipped"},"line":6,"name":"user clicks on login button","match":{},"keyword":"And "},{"result":{"duration":580000,"status":"skipped"},"line":7,"name":"login page should be displayed","match":{},"keyword":"Then "}]},{"start_timestamp":"2025-01-18T05:49:26.505Z","line":9,"name":"User searches for a product","description":"","id":"pttavm-website-testing;user-searches-for-a-product","type":"scenario","keyword":"Scenario","steps":[{"result":{"duration":6567000,"status":"passed"},"line":10,"name":"user is on the PttAVM homepage","match":{"location":"stepdefinitions.PttAvmSteps.userIsOnHomepage()"},"keyword":"Given "},{"result":{"error_message":"org.openqa.selenium.NoSuchElementException: Unable to locate element: input[placeholder='Ürün, kategori ara']\nFor documentation on this error, please visit: https://www.selenium.dev/documentation/webdriver/troubleshooting/errors#no-such-element-exception\nBuild info: version: '4.16.1', revision: '9b4c83354e'\nSystem info: os.name: 'Mac OS X', os.arch: 'x86_64', os.version: '10.15.7', java.version: '21.0.1'\nDriver info: org.openqa.selenium.firefox.FirefoxDriver\nCommand: [53891357-8a0d-4b82-9386-3f4041dc93cb, findElement {using=css selector, value=input[placeholder='Ürün, kategori ara']}]\nCapabilities {acceptInsecureCerts: true, browserName: firefox, browserVersion: 134.0.1, moz:accessibilityChecks: false, moz:buildID: 20250113121357, moz:geckodriverVersion: 0.35.0, moz:headless: false, moz:platformVersion: 19.6.0, moz:processID: 47566, moz:profile: /var/folders/q7/fgckgx0j1h9..., moz:shutdownTimeout: 60000, moz:webdriverClick: true, moz:windowless: false, pageLoadStrategy: normal, platformName: mac, proxy: Proxy(), setWindowRect: true, strictFileInteractability: false, timeouts: {implicit: 0, pageLoad: 300000, script: 30000}, unhandledPromptBehavior: dismiss and notify, userAgent: Mozilla/5.0 (Macintosh; Int...}\nSession ID: 53891357-8a0d-4b82-9386-3f4041dc93cb\n\tat java.base/jdk.internal.reflect.DirectConstructorHandleAccessor.newInstance(DirectConstructorHandleAccessor.java:62)\n\tat java.base/java.lang.reflect.Constructor.newInstanceWithCaller(Constructor.java:502)\n\tat java.base/java.lang.reflect.Constructor.newInstance(Constructor.java:486)\n\tat org.openqa.selenium.remote.codec.w3c.W3CHttpResponseCodec.createException(W3CHttpResponseCodec.java:200)\n\tat org.openqa.selenium.remote.codec.w3c.W3CHttpResponseCodec.decode(W3CHttpResponseCodec.java:133)\n\tat org.openqa.selenium.remote.codec.w3c.W3CHttpResponseCodec.decode(W3CHttpResponseCodec.java:52)\n\tat org.openqa.selenium.remote.HttpCommandExecutor.execute(HttpCommandExecutor.java:191)\n\tat org.openqa.selenium.remote.service.DriverCommandExecutor.invokeExecute(DriverCommandExecutor.java:200)\n\tat org.openqa.selenium.remote.service.DriverCommandExecutor.execute(DriverCommandExecutor.java:175)\n\tat org.openqa.selenium.remote.RemoteWebDriver.execute(RemoteWebDriver.java:523)\n\tat org.openqa.selenium.remote.ElementLocation$ElementFinder$2.findElement(ElementLocation.java:165)\n\tat org.openqa.selenium.remote.ElementLocation.findElement(ElementLocation.java:59)\n\tat org.openqa.selenium.remote.RemoteWebDriver.findElement(RemoteWebDriver.java:360)\n\tat org.openqa.selenium.remote.RemoteWebDriver.findElement(RemoteWebDriver.java:354)\n\tat org.openqa.selenium.support.pagefactory.DefaultElementLocator.findElement(DefaultElementLocator.java:68)\n\tat org.openqa.selenium.support.pagefactory.internal.LocatingElementHandler.invoke(LocatingElementHandler.java:38)\n\tat jdk.proxy2/jdk.proxy2.$Proxy20.clear(Unknown Source)\n\tat pages.HomePage.searchProduct(HomePage.java:56)\n\tat stepdefinitions.PttAvmSteps.searchForProduct(PttAvmSteps.java:86)\n\tat ✽.user searches for \"telefon\"(file:///Users/yusuf/Desktop/ptt%20avm1/src/test/resources/features/pttavm.feature:11)\n","duration":3016399000,"status":"failed"},"line":11,"name":"user searches for \"telefon\"","match":{"arguments":[{"val":"\"telefon\"","offset":18}],"location":"stepdefinitions.PttAvmSteps.searchForProduct(java.lang.String)"},"keyword":"When "},{"result":{"duration":442000,"status":"skipped"},"line":12,"name":"search results should be displayed","match":{"location":"stepdefinitions.PttAvmSteps.verifySearchResults()"},"keyword":"Then "}]},{"start_timestamp":"2025-01-18T05:49:29.564Z","line":14,"name":"User adds product to cart","description":"","id":"pttavm-website-testing;user-adds-product-to-cart","type":"scenario","keyword":"Scenario","steps":[{"result":{"status":"undefined"},"line":15,"name":"user is on a product page","match":{},"keyword":"Given "},{"result":{"duration":219000,"status":"skipped"},"line":16,"name":"user clicks add to cart button","match":{},"keyword":"When "},{"result":{"duration":2391000,"status":"skipped"},"line":17,"name":"user navigates to shopping cart","match":{},"keyword":"And "},{"result":{"duration":285000,"status":"skipped"},"line":18,"name":"product should be visible in cart","match":{},"keyword":"Then "}]}],"name":"PttAVM Website Testing","description":"","id":"pttavm-website-testing","keyword":"Feature","uri":"file:src/test/resources/features/pttavm.feature","tags":[]}]